[INFO ] 2016-12-12 17:19:48.264 [http-nio-8081-exec-3] AppPropertiesServiceImpl - Service property to be updated :ServiceProperties [id=52, serviceMasterId=5, key=AIR_DROID, value=http://web.airdroid.com/, createdAt=2016-12-12 17:11:02.0, updatedAt=2016-12-12 17:11:02.0, recordStatus=1]
[INFO ] 2016-12-12 17:19:48.353 [http-nio-8081-exec-3] AppPropertiesServiceImpl - Updated property of the service :ServiceProperties [id=52, serviceMasterId=5, key=AIR_DROID, value=http://web.hola.com/, createdAt=2016-12-12 17:11:02.0, updatedAt=Mon Dec 12 17:19:48 IST 2016, recordStatus=1]
[INFO ] 2016-12-12 17:24:40.035 [http-nio-8081-exec-1] AppPropertiesServiceImpl - Updated record status  of the service :ServiceProperties [id=52, serviceMasterId=5, key=AIR_DROID, value=http://web.hola.com/, createdAt=2016-12-12 17:11:02.0, updatedAt=2016-12-12 17:19:48.0, recordStatus=0]
[ERROR] 2016-12-12 18:31:13.467 [http-nio-8081-exec-6] AppPropertiesLoaderService - error
[INFO ] 2016-12-12 18:46:26.434 [http-nio-8081-exec-7] AppPropertiesLoaderService - Reloding app properties of the service : dbserviceapi and url is :http://localhost:8081/dbserviceapi/v1/property/reload
[ERROR] 2016-12-12 18:46:27.887 [http-nio-8081-exec-7] AppPropertiesLoaderService - error {"timestamp":1481548587705,"status":404,"error":"Not Found","message":"No message available","path":"/dbserviceapi/v1/property/reload"}
[INFO ] 2016-12-12 19:06:46.673 [http-nio-8081-exec-1] AppPropertiesLoaderService - Reloding app properties of the service : dbserviceapi and url is :http://localhost:8081/dbserviceapi/v1/property/reload
[ERROR] 2016-12-12 19:06:46.840 [http-nio-8081-exec-1] AppPropertiesLoaderService - error {"timestamp":1481549806784,"status":404,"error":"Not Found","message":"No message available","path":"/dbserviceapi/v1/property/reload"}
[INFO ] 2016-12-12 19:06:50.915 [http-nio-8081-exec-3] AppPropertiesLoaderService - Reloding app properties of the service : dbserviceapi and url is :http://localhost:8081/dbserviceapi/v1/property/reload
[ERROR] 2016-12-12 19:06:50.947 [http-nio-8081-exec-3] AppPropertiesLoaderService - error {"timestamp":1481549810939,"status":404,"error":"Not Found","message":"No message available","path":"/dbserviceapi/v1/property/reload"}
[INFO ] 2016-12-12 19:12:17.815 [http-nio-8081-exec-1] AppPropertiesLoaderService - Reloding app properties of the service : dbserviceapi and url is :http://localhost:8081/dbserviceapi/v1/property/reload
[ERROR] 2016-12-12 19:12:17.991 [http-nio-8081-exec-1] AppPropertiesLoaderService - error {"timestamp":1481550137915,"status":404,"error":"Not Found","message":"No message available","path":"/dbserviceapi/v1/property/reload"}
[INFO ] 2016-12-12 19:12:22.835 [http-nio-8081-exec-3] AppPropertiesLoaderService - Reloding app properties of the service : dbserviceapi and url is :http://localhost:8081/dbserviceapi/v1/property/reload
[ERROR] 2016-12-12 19:12:22.860 [http-nio-8081-exec-3] AppPropertiesLoaderService - error {"timestamp":1481550142857,"status":404,"error":"Not Found","message":"No message available","path":"/dbserviceapi/v1/property/reload"}
[INFO ] 2016-12-12 19:12:31.149 [http-nio-8081-exec-9] AppPropertiesLoaderService - Reloding app properties of the service : dbserviceapi and url is :http://localhost:8081/dbserviceapi/v1/property/reload
[ERROR] 2016-12-12 19:12:31.166 [http-nio-8081-exec-9] AppPropertiesLoaderService - error {"timestamp":1481550151162,"status":404,"error":"Not Found","message":"No message available","path":"/dbserviceapi/v1/property/reload"}
[ERROR] 2016-12-12 20:30:39.983 [http-nio-8081-exec-3] AppPropertiesServiceImpl - Exception while creating  the service: CustomAppException [errCode=TS_4002, errMsg=Service doesn't exit]
	at com.onedirect.app.appproperties.service.AppPropertiesServiceImpl.putServiceProperty(AppPropertiesServiceImpl.java:120)
	at com.onedirect.app.appproperties.service.AppPropertiesServiceImpl$$FastClassBySpringCGLIB$$4a6bacad.invoke(<generated>)
	at org.springframework.cglib.proxy.MethodProxy.invoke(MethodProxy.java:204)
	at org.springframework.aop.framework.CglibAopProxy$DynamicAdvisedInterceptor.intercept(CglibAopProxy.java:651)
	at com.onedirect.app.appproperties.service.AppPropertiesServiceImpl$$EnhancerBySpringCGLIB$$46530d9a.putServiceProperty(<generated>)
	at com.onedirect.app.appproperties.controller.AppPropertiesController.createServiceProperty(AppPropertiesController.java:90)
	at sun.reflect.NativeMethodAccessorImpl.invoke0(Native Method)
	at sun.reflect.NativeMethodAccessorImpl.invoke(NativeMethodAccessorImpl.java:62)
	at sun.reflect.DelegatingMethodAccessorImpl.invoke(DelegatingMethodAccessorImpl.java:43)
	at java.lang.reflect.Method.invoke(Method.java:498)
	at org.springframework.web.method.support.InvocableHandlerMethod.doInvoke(InvocableHandlerMethod.java:220)
	at org.springframework.web.method.support.InvocableHandlerMethod.invokeForRequest(InvocableHandlerMethod.java:134)
	at org.springframework.web.servlet.mvc.method.annotation.ServletInvocableHandlerMethod.invokeAndHandle(ServletInvocableHandlerMethod.java:116)
	at org.springframework.web.servlet.mvc.method.annotation.RequestMappingHandlerAdapter.invokeHandlerMethod(RequestMappingHandlerAdapter.java:827)
	at org.springframework.web.servlet.mvc.method.annotation.RequestMappingHandlerAdapter.handleInternal(RequestMappingHandlerAdapter.java:738)
	at org.springframework.web.servlet.mvc.method.AbstractHandlerMethodAdapter.handle(AbstractHandlerMethodAdapter.java:85)
	at org.springframework.web.servlet.DispatcherServlet.doDispatch(DispatcherServlet.java:963)
	at org.springframework.web.servlet.DispatcherServlet.doService(DispatcherServlet.java:897)
	at org.springframework.web.servlet.FrameworkServlet.processRequest(FrameworkServlet.java:970)
	at org.springframework.web.servlet.FrameworkServlet.doPost(FrameworkServlet.java:872)
	at javax.servlet.http.HttpServlet.service(HttpServlet.java:648)
	at org.springframework.web.servlet.FrameworkServlet.service(FrameworkServlet.java:846)
	at javax.servlet.http.HttpServlet.service(HttpServlet.java:729)
	at org.apache.catalina.core.ApplicationFilterChain.internalDoFilter(ApplicationFilterChain.java:230)
	at org.apache.catalina.core.ApplicationFilterChain.doFilter(ApplicationFilterChain.java:165)
	at org.apache.tomcat.websocket.server.WsFilter.doFilter(WsFilter.java:52)
	at org.apache.catalina.core.ApplicationFilterChain.internalDoFilter(ApplicationFilterChain.java:192)
	at org.apache.catalina.core.ApplicationFilterChain.doFilter(ApplicationFilterChain.java:165)
	at org.springframework.web.filter.RequestContextFilter.doFilterInternal(RequestContextFilter.java:99)
	at org.springframework.web.filter.OncePerRequestFilter.doFilter(OncePerRequestFilter.java:107)
	at org.apache.catalina.core.ApplicationFilterChain.internalDoFilter(ApplicationFilterChain.java:192)
	at org.apache.catalina.core.ApplicationFilterChain.doFilter(ApplicationFilterChain.java:165)
	at org.springframework.web.filter.HttpPutFormContentFilter.doFilterInternal(HttpPutFormContentFilter.java:89)
	at org.springframework.web.filter.OncePerRequestFilter.doFilter(OncePerRequestFilter.java:107)
	at org.apache.catalina.core.ApplicationFilterChain.internalDoFilter(ApplicationFilterChain.java:192)
	at org.apache.catalina.core.ApplicationFilterChain.doFilter(ApplicationFilterChain.java:165)
	at org.springframework.web.filter.HiddenHttpMethodFilter.doFilterInternal(HiddenHttpMethodFilter.java:77)
	at org.springframework.web.filter.OncePerRequestFilter.doFilter(OncePerRequestFilter.java:107)
	at org.apache.catalina.core.ApplicationFilterChain.internalDoFilter(ApplicationFilterChain.java:192)
	at org.apache.catalina.core.ApplicationFilterChain.doFilter(ApplicationFilterChain.java:165)
	at org.springframework.web.filter.CharacterEncodingFilter.doFilterInternal(CharacterEncodingFilter.java:197)
	at org.springframework.web.filter.OncePerRequestFilter.doFilter(OncePerRequestFilter.java:107)
	at org.apache.catalina.core.ApplicationFilterChain.internalDoFilter(ApplicationFilterChain.java:192)
	at org.apache.catalina.core.ApplicationFilterChain.doFilter(ApplicationFilterChain.java:165)
	at org.apache.catalina.core.StandardWrapperValve.invoke(StandardWrapperValve.java:198)
	at org.apache.catalina.core.StandardContextValve.invoke(StandardContextValve.java:108)
	at org.apache.catalina.authenticator.AuthenticatorBase.invoke(AuthenticatorBase.java:472)
	at org.apache.catalina.core.StandardHostValve.invoke(StandardHostValve.java:140)
	at org.apache.catalina.valves.ErrorReportValve.invoke(ErrorReportValve.java:79)
	at org.apache.catalina.core.StandardEngineValve.invoke(StandardEngineValve.java:87)
	at org.apache.catalina.connector.CoyoteAdapter.service(CoyoteAdapter.java:349)
	at org.apache.coyote.http11.Http11Processor.service(Http11Processor.java:784)
	at org.apache.coyote.AbstractProcessorLight.process(AbstractProcessorLight.java:66)
	at org.apache.coyote.AbstractProtocol$ConnectionHandler.process(AbstractProtocol.java:802)
	at org.apache.tomcat.util.net.NioEndpoint$SocketProcessor.doRun(NioEndpoint.java:1410)
	at org.apache.tomcat.util.net.SocketProcessorBase.run(SocketProcessorBase.java:49)
	at java.util.concurrent.ThreadPoolExecutor.runWorker(ThreadPoolExecutor.java:1142)
	at java.util.concurrent.ThreadPoolExecutor$Worker.run(ThreadPoolExecutor.java:617)
	at org.apache.tomcat.util.threads.TaskThread$WrappingRunnable.run(TaskThread.java:61)
	at java.lang.Thread.run(Thread.java:745)

